app/build/intermediates/manifest_merge_blame_file/release/processReleaseMainManifest/manifest-merger-blame-release-report.txt
1<?xml version="1.0" encoding="utf-8"?>
2<manifest xmlns:android="http://schemas.android.com/apk/res/android"
3    package="com.example.cameraapp"
4    android:versionCode="1"
5    android:versionName="1.0" >
6
7    <uses-sdk
8        android:minSdkVersion="24"
9        android:targetSdkVersion="35" />
10
11    <!-- PERMISOS NECESARIOS -->
12    <uses-permission android:name="android.permission.CAMERA" />
12-->src\main\AndroidManifest.xml:6:5-65
12-->src\main\AndroidManifest.xml:6:22-62
13    <uses-permission android:name="android.permission.INTERNET" />
13-->src\main\AndroidManifest.xml:7:5-67
13-->src\main\AndroidManifest.xml:7:22-64
14    <uses-permission
14-->src\main\AndroidManifest.xml:8:5-10:38
15        android:name="android.permission.WRITE_EXTERNAL_STORAGE"
15-->src\main\AndroidManifest.xml:9:9-65
16        android:maxSdkVersion="29" />
16-->src\main\AndroidManifest.xml:10:9-35
17
18    <uses-feature
18-->src\main\AndroidManifest.xml:12:5-84
19        android:name="android.hardware.camera"
19-->src\main\AndroidManifest.xml:12:19-57
20        android:required="true" />
20-->src\main\AndroidManifest.xml:12:58-81
21    <!-- Although the *SdkVersion is captured in gradle build files, this is required for non gradle builds -->
22    <!-- <uses-sdk android:minSdkVersion="21"/> -->
23    <uses-permission android:name="android.permission.ACCESS_NETWORK_STATE" />
23-->[com.google.firebase:firebase-vertexai:16.0.0-beta01] AndroidManifest.xml:22:5-79
23-->[com.google.firebase:firebase-vertexai:16.0.0-beta01] AndroidManifest.xml:22:22-76
24
25    <permission
25-->[androidx.core:core:1.13.1] AndroidManifest.xml:22:5-24:47
26        android:name="com.example.cameraapp.DYNAMIC_RECEIVER_NOT_EXPORTED_PERMISSION"
26-->[androidx.core:core:1.13.1] AndroidManifest.xml:23:9-81
27        android:protectionLevel="signature" />
27-->[androidx.core:core:1.13.1] AndroidManifest.xml:24:9-44
28
29    <uses-permission android:name="com.example.cameraapp.DYNAMIC_RECEIVER_NOT_EXPORTED_PERMISSION" />
29-->[androidx.core:core:1.13.1] AndroidManifest.xml:26:5-97
29-->[androidx.core:core:1.13.1] AndroidManifest.xml:26:22-94
30
31    <application
31-->src\main\AndroidManifest.xml:14:5-43:19
32        android:allowBackup="true"
32-->src\main\AndroidManifest.xml:15:9-35
33        android:appComponentFactory="androidx.core.app.CoreComponentFactory"
33-->[androidx.core:core:1.13.1] AndroidManifest.xml:28:18-86
34        android:extractNativeLibs="false"
35        android:icon="@mipmap/ic_launcher"
35-->src\main\AndroidManifest.xml:16:9-43
36        android:label="CameraApp"
36-->src\main\AndroidManifest.xml:17:9-34
37        android:roundIcon="@mipmap/ic_launcher_round"
37-->src\main\AndroidManifest.xml:18:9-54
38        android:supportsRtl="true"
38-->src\main\AndroidManifest.xml:19:9-35
39        android:theme="@style/Theme.CameraApp" >
39-->src\main\AndroidManifest.xml:20:9-47
40        <activity
40-->src\main\AndroidManifest.xml:23:9-30:20
41            android:name="com.example.cameraapp.MainActivity"
41-->src\main\AndroidManifest.xml:24:13-41
42            android:exported="true" >
42-->src\main\AndroidManifest.xml:25:13-36
43            <intent-filter>
43-->src\main\AndroidManifest.xml:26:13-29:29
44                <action android:name="android.intent.action.MAIN" />
44-->src\main\AndroidManifest.xml:27:17-69
44-->src\main\AndroidManifest.xml:27:25-66
45
46                <category android:name="android.intent.category.LAUNCHER" />
46-->src\main\AndroidManifest.xml:28:17-77
46-->src\main\AndroidManifest.xml:28:27-74
47            </intent-filter>
48        </activity>
49
50        <!-- FILE PROVIDER (para compartir fotos) -->
51        <provider
51-->src\main\AndroidManifest.xml:33:9-41:20
52            android:name="androidx.core.content.FileProvider"
52-->src\main\AndroidManifest.xml:34:13-62
53            android:authorities="com.example.cameraapp.fileprovider"
53-->src\main\AndroidManifest.xml:35:13-69
54            android:exported="false"
54-->src\main\AndroidManifest.xml:36:13-37
55            android:grantUriPermissions="true" >
55-->src\main\AndroidManifest.xml:37:13-47
56            <meta-data
56-->src\main\AndroidManifest.xml:38:13-40:54
57                android:name="android.support.FILE_PROVIDER_PATHS"
57-->src\main\AndroidManifest.xml:39:17-67
58                android:resource="@xml/file_paths" />
58-->src\main\AndroidManifest.xml:40:17-51
59        </provider>
60
61        <service
61-->[com.google.firebase:firebase-vertexai:16.0.0-beta01] AndroidManifest.xml:26:9-32:19
62            android:name="com.google.firebase.components.ComponentDiscoveryService"
62-->[com.google.firebase:firebase-vertexai:16.0.0-beta01] AndroidManifest.xml:27:13-84
63            android:directBootAware="true"
63-->[com.google.firebase:firebase-common:21.0.0] AndroidManifest.xml:32:13-43
64            android:exported="false" >
64-->[com.google.firebase:firebase-vertexai:16.0.0-beta01] AndroidManifest.xml:28:13-37
65            <meta-data
65-->[com.google.firebase:firebase-vertexai:16.0.0-beta01] AndroidManifest.xml:29:13-31:85
66                android:name="com.google.firebase.components:com.google.firebase.vertexai.FirebaseVertexAIRegistrar"
66-->[com.google.firebase:firebase-vertexai:16.0.0-beta01] AndroidManifest.xml:30:17-117
67                android:value="com.google.firebase.components.ComponentRegistrar" />
67-->[com.google.firebase:firebase-vertexai:16.0.0-beta01] AndroidManifest.xml:31:17-82
68            <meta-data
68-->[com.google.firebase:firebase-common:21.0.0] AndroidManifest.xml:35:13-37:85
69                android:name="com.google.firebase.components:com.google.firebase.FirebaseCommonKtxRegistrar"
69-->[com.google.firebase:firebase-common:21.0.0] AndroidManifest.xml:36:17-109
70                android:value="com.google.firebase.components.ComponentRegistrar" />
70-->[com.google.firebase:firebase-common:21.0.0] AndroidManifest.xml:37:17-82
71        </service>
72
73        <provider
73-->[com.google.firebase:firebase-common:21.0.0] AndroidManifest.xml:23:9-28:39
74            android:name="com.google.firebase.provider.FirebaseInitProvider"
74-->[com.google.firebase:firebase-common:21.0.0] AndroidManifest.xml:24:13-77
75            android:authorities="com.example.cameraapp.firebaseinitprovider"
75-->[com.google.firebase:firebase-common:21.0.0] AndroidManifest.xml:25:13-72
76            android:directBootAware="true"
76-->[com.google.firebase:firebase-common:21.0.0] AndroidManifest.xml:26:13-43
77            android:exported="false"
77-->[com.google.firebase:firebase-common:21.0.0] AndroidManifest.xml:27:13-37
78            android:initOrder="100" />
78-->[com.google.firebase:firebase-common:21.0.0] AndroidManifest.xml:28:13-36
79
80        <activity
80-->[com.google.android.gms:play-services-base:18.0.1] AndroidManifest.xml:20:9-22:45
81            android:name="com.google.android.gms.common.api.GoogleApiActivity"
81-->[com.google.android.gms:play-services-base:18.0.1] AndroidManifest.xml:20:19-85
82            android:exported="false"
82-->[com.google.android.gms:play-services-base:18.0.1] AndroidManifest.xml:22:19-43
83            android:theme="@android:style/Theme.Translucent.NoTitleBar" />
83-->[com.google.android.gms:play-services-base:18.0.1] AndroidManifest.xml:21:19-78
84
85        <provider
85-->[androidx.emoji2:emoji2:1.3.0] AndroidManifest.xml:24:9-32:20
86            android:name="androidx.startup.InitializationProvider"
86-->[androidx.emoji2:emoji2:1.3.0] AndroidManifest.xml:25:13-67
87            android:authorities="com.example.cameraapp.androidx-startup"
87-->[androidx.emoji2:emoji2:1.3.0] AndroidManifest.xml:26:13-68
88            android:exported="false" >
88-->[androidx.emoji2:emoji2:1.3.0] AndroidManifest.xml:27:13-37
89            <meta-data
89-->[androidx.emoji2:emoji2:1.3.0] AndroidManifest.xml:29:13-31:52
90                android:name="androidx.emoji2.text.EmojiCompatInitializer"
90-->[androidx.emoji2:emoji2:1.3.0] AndroidManifest.xml:30:17-75
91                android:value="androidx.startup" />
91-->[androidx.emoji2:emoji2:1.3.0] AndroidManifest.xml:31:17-49
92            <meta-data
92-->[androidx.lifecycle:lifecycle-process:2.8.3] AndroidManifest.xml:29:13-31:52
93                android:name="androidx.lifecycle.ProcessLifecycleInitializer"
93-->[androidx.lifecycle:lifecycle-process:2.8.3] AndroidManifest.xml:30:17-78
94                android:value="androidx.startup" />
94-->[androidx.lifecycle:lifecycle-process:2.8.3] AndroidManifest.xml:31:17-49
95            <meta-data
95-->[androidx.profileinstaller:profileinstaller:1.3.1] AndroidManifest.xml:29:13-31:52
96                android:name="androidx.profileinstaller.ProfileInstallerInitializer"
96-->[androidx.profileinstaller:profileinstaller:1.3.1] AndroidManifest.xml:30:17-85
97                android:value="androidx.startup" />
97-->[androidx.profileinstaller:profileinstaller:1.3.1] AndroidManifest.xml:31:17-49
98        </provider>
99
100        <receiver
100-->[androidx.profileinstaller:profileinstaller:1.3.1] AndroidManifest.xml:34:9-52:20
101            android:name="androidx.profileinstaller.ProfileInstallReceiver"
101-->[androidx.profileinstaller:profileinstaller:1.3.1] AndroidManifest.xml:35:13-76
102            android:directBootAware="false"
102-->[androidx.profileinstaller:profileinstaller:1.3.1] AndroidManifest.xml:36:13-44
103            android:enabled="true"
103-->[androidx.profileinstaller:profileinstaller:1.3.1] AndroidManifest.xml:37:13-35
104            android:exported="true"
104-->[androidx.profileinstaller:profileinstaller:1.3.1] AndroidManifest.xml:38:13-36
105            android:permission="android.permission.DUMP" >
105-->[androidx.profileinstaller:profileinstaller:1.3.1] AndroidManifest.xml:39:13-57
106            <intent-filter>
106-->[androidx.profileinstaller:profileinstaller:1.3.1] AndroidManifest.xml:40:13-42:29
107                <action android:name="androidx.profileinstaller.action.INSTALL_PROFILE" />
107-->[androidx.profileinstaller:profileinstaller:1.3.1] AndroidManifest.xml:41:17-91
107-->[androidx.profileinstaller:profileinstaller:1.3.1] AndroidManifest.xml:41:25-88
108            </intent-filter>
109            <intent-filter>
109-->[androidx.profileinstaller:profileinstaller:1.3.1] AndroidManifest.xml:43:13-45:29
110                <action android:name="androidx.profileinstaller.action.SKIP_FILE" />
110-->[androidx.profileinstaller:profileinstaller:1.3.1] AndroidManifest.xml:44:17-85
110-->[androidx.profileinstaller:profileinstaller:1.3.1] AndroidManifest.xml:44:25-82
111            </intent-filter>
112            <intent-filter>
112-->[androidx.profileinstaller:profileinstaller:1.3.1] AndroidManifest.xml:46:13-48:29
113                <action android:name="androidx.profileinstaller.action.SAVE_PROFILE" />
113-->[androidx.profileinstaller:profileinstaller:1.3.1] AndroidManifest.xml:47:17-88
113-->[androidx.profileinstaller:profileinstaller:1.3.1] AndroidManifest.xml:47:25-85
114            </intent-filter>
115            <intent-filter>
115-->[androidx.profileinstaller:profileinstaller:1.3.1] AndroidManifest.xml:49:13-51:29
116                <action android:name="androidx.profileinstaller.action.BENCHMARK_OPERATION" />
116-->[androidx.profileinstaller:profileinstaller:1.3.1] AndroidManifest.xml:50:17-95
116-->[androidx.profileinstaller:profileinstaller:1.3.1] AndroidManifest.xml:50:25-92
117            </intent-filter>
118        </receiver>
119
120        <meta-data
120-->[com.google.android.gms:play-services-basement:18.3.0] AndroidManifest.xml:21:9-23:69
121            android:name="com.google.android.gms.version"
121-->[com.google.android.gms:play-services-basement:18.3.0] AndroidManifest.xml:22:13-58
122            android:value="@integer/google_play_services_version" />
122-->[com.google.android.gms:play-services-basement:18.3.0] AndroidManifest.xml:23:13-66
123    </application>
124
125</manifest>